<?xml version="1.0" encoding="UTF-8"?>
<!-- Generated by org.testng.reporters.JUnitReportReporter -->
<testsuite hostname="DESKTOP-H2K9GN4" failures="0" tests="1" name="com.BrowserStack_project.tests.AddToCartTest" time="10.168" errors="0" timestamp="2025-09-15T15:18:02 IST" skipped="0">
  <testcase classname="com.BrowserStack_project.tests.AddToCartTest" name="addcart" time="10.168"/>
</testsuite> <!-- com.BrowserStack_project.tests.AddToCartTest -->
