<?xml version="1.0" encoding="UTF-8"?>
<!-- Generated by org.testng.reporters.JUnitReportReporter -->
<testsuite hostname="DESKTOP-H2K9GN4" failures="0" tests="2" name="com.BrowserStack_project.tests.ProductTest" time="11.612" errors="0" timestamp="2025-09-15T15:18:02 IST" skipped="0">
  <testcase classname="com.BrowserStack_project.tests.ProductTest" name="verifyProductFiltersTest" time="4.769"/>
  <testcase classname="com.BrowserStack_project.tests.ProductTest" name="printAllProductDetailsTest" time="6.843"/>
</testsuite> <!-- com.BrowserStack_project.tests.ProductTest -->
