<?xml version="1.0" encoding="UTF-8"?>
<!-- Generated by org.testng.reporters.JUnitReportReporter -->
<testsuite hostname="DESKTOP-H2K9GN4" failures="0" tests="1" name="com.Capstone_Project.phase2.tests.LoginPageTest" time="8.113" errors="0" timestamp="2025-09-14T15:34:17 IST" skipped="0">
  <testcase classname="com.Capstone_Project.phase2.tests.LoginPageTest" name="loginWithValidCredentials" time="8.113"/>
</testsuite> <!-- com.Capstone_Project.phase2.tests.LoginPageTest -->
