<?xml version="1.0" encoding="UTF-8"?>
<!-- Generated by org.testng.reporters.JUnitReportReporter -->
<testsuite hostname="DESKTOP-H2K9GN4" failures="0" tests="2" name="com.BrowserStack_project.tests.CheckoutTest" time="25.983" errors="0" timestamp="2025-09-15T15:18:02 IST" skipped="0">
  <testcase classname="com.BrowserStack_project.tests.CheckoutTest" name="checkoutWithItems" time="21.027"/>
  <testcase classname="com.BrowserStack_project.tests.CheckoutTest" name="checkoutWithoutItems" time="4.956"/>
</testsuite> <!-- com.BrowserStack_project.tests.CheckoutTest -->
