<?xml version="1.0" encoding="UTF-8"?>
<!-- Generated by org.testng.reporters.JUnitReportReporter -->
<testsuite hostname="DESKTOP-H2K9GN4" failures="0" tests="10" name="com.capstone.tests.CompleteTestSuite" time="20.918" errors="0" timestamp="2025-09-15T19:31:42 IST" skipped="0">
  <testcase classname="com.capstone.tests.CompleteTestSuite" name="addUser" time="4.750"/>
  <testcase classname="com.capstone.tests.CompleteTestSuite" name="getUserProfile" time="1.499"/>
  <testcase classname="com.capstone.tests.CompleteTestSuite" name="updateUser" time="1.887"/>
  <testcase classname="com.capstone.tests.CompleteTestSuite" name="loginUser" time="1.917"/>
  <testcase classname="com.capstone.tests.CompleteTestSuite" name="addContact" time="2.578"/>
  <testcase classname="com.capstone.tests.CompleteTestSuite" name="getContactList" time="1.884"/>
  <testcase classname="com.capstone.tests.CompleteTestSuite" name="getSingleContact" time="1.522"/>
  <testcase classname="com.capstone.tests.CompleteTestSuite" name="updateContactPUT" time="1.555"/>
  <testcase classname="com.capstone.tests.CompleteTestSuite" name="updateContactPATCH" time="1.713"/>
  <testcase classname="com.capstone.tests.CompleteTestSuite" name="logoutUser" time="1.613"/>
</testsuite> <!-- com.capstone.tests.CompleteTestSuite -->
