<?xml version="1.0" encoding="UTF-8"?>
<!-- Generated by org.testng.reporters.JUnitReportReporter -->
<testsuite hostname="DESKTOP-H2K9GN4" failures="0" tests="4" name="com.Capstone_Project.phase2.tests.AdminPageTest" time="14.234" errors="0" timestamp="2025-09-14T15:34:17 IST" skipped="0">
  <testcase classname="com.Capstone_Project.phase2.tests.AdminPageTest" name="searchByUserStatus" time="1.692"/>
  <testcase classname="com.Capstone_Project.phase2.tests.AdminPageTest" name="searchByUserRole" time="2.735"/>
  <testcase classname="com.Capstone_Project.phase2.tests.AdminPageTest" name="dashboardMenuCountAndAdminNavigate" time="8.612"/>
  <testcase classname="com.Capstone_Project.phase2.tests.AdminPageTest" name="searchByUsername" time="1.195"/>
</testsuite> <!-- com.Capstone_Project.phase2.tests.AdminPageTest -->
